Determining if the pthread_create exist failed with the following output:
Change Dir: /home/cc/ee106a/fa15/class/ee106a-cn/ros_workspaces/project/build/CMakeFiles/CMakeTmp

Run Build Command:/usr/bin/make "cmTryCompileExec1741839451/fast"
make: Warning: File `Makefile' has modification time 0.0039 s in the future
/usr/bin/make -f CMakeFiles/cmTryCompileExec1741839451.dir/build.make CMakeFiles/cmTryCompileExec1741839451.dir/build
make[1]: Entering directory `/home/cc/ee106a/fa15/class/ee106a-cn/ros_workspaces/project/build/CMakeFiles/CMakeTmp'
make[1]: Warning: File `CMakeFiles/cmTryCompileExec1741839451.dir/progress.make' has modification time 0.0071 s in the future
/usr/bin/cmake -E cmake_progress_report /home/cc/ee106a/fa15/class/ee106a-cn/ros_workspaces/project/build/CMakeFiles/CMakeTmp/CMakeFiles 1
Building C object CMakeFiles/cmTryCompileExec1741839451.dir/CheckSymbolExists.c.o
/usr/bin/cc    -o CMakeFiles/cmTryCompileExec1741839451.dir/CheckSymbolExists.c.o   -c /home/cc/ee106a/fa15/class/ee106a-cn/ros_workspaces/project/build/CMakeFiles/CMakeTmp/CheckSymbolExists.c
Linking C executable cmTryCompileExec1741839451
/usr/bin/cmake -E cmake_link_script CMakeFiles/cmTryCompileExec1741839451.dir/link.txt --verbose=1
/usr/bin/cc       CMakeFiles/cmTryCompileExec1741839451.dir/CheckSymbolExists.c.o  -o cmTryCompileExec1741839451 -rdynamic 
CMakeFiles/cmTryCompileExec1741839451.dir/CheckSymbolExists.c.o: In function `main':
CheckSymbolExists.c:(.text+0x16): undefined reference to `pthread_create'
collect2: error: ld returned 1 exit status
make[1]: Leaving directory `/home/cc/ee106a/fa15/class/ee106a-cn/ros_workspaces/project/build/CMakeFiles/CMakeTmp'
make[1]: *** [cmTryCompileExec1741839451] Error 1
make: *** [cmTryCompileExec1741839451/fast] Error 2

File /home/cc/ee106a/fa15/class/ee106a-cn/ros_workspaces/project/build/CMakeFiles/CMakeTmp/CheckSymbolExists.c:
/* */
#include <pthread.h>

int main(int argc, char** argv)
{
  (void)argv;
#ifndef pthread_create
  return ((int*)(&pthread_create))[argc];
#else
  (void)argc;
  return 0;
#endif
}

Determining if the function pthread_create exists in the pthreads failed with the following output:
Change Dir: /home/cc/ee106a/fa15/class/ee106a-cn/ros_workspaces/project/build/CMakeFiles/CMakeTmp

Run Build Command:/usr/bin/make "cmTryCompileExec4254051779/fast"
make: Warning: File `Makefile' has modification time 0.0065 s in the future
/usr/bin/make -f CMakeFiles/cmTryCompileExec4254051779.dir/build.make CMakeFiles/cmTryCompileExec4254051779.dir/build
make[1]: Entering directory `/home/cc/ee106a/fa15/class/ee106a-cn/ros_workspaces/project/build/CMakeFiles/CMakeTmp'
make[1]: Warning: File `CMakeFiles/cmTryCompileExec4254051779.dir/progress.make' has modification time 0.0098 s in the future
/usr/bin/cmake -E cmake_progress_report /home/cc/ee106a/fa15/class/ee106a-cn/ros_workspaces/project/build/CMakeFiles/CMakeTmp/CMakeFiles 1
Building C object CMakeFiles/cmTryCompileExec4254051779.dir/CheckFunctionExists.c.o
/usr/bin/cc   -DCHECK_FUNCTION_EXISTS=pthread_create   -o CMakeFiles/cmTryCompileExec4254051779.dir/CheckFunctionExists.c.o   -c /usr/share/cmake-2.8/Modules/CheckFunctionExists.c
Linking C executable cmTryCompileExec4254051779
/usr/bin/cmake -E cmake_link_script CMakeFiles/cmTryCompileExec4254051779.dir/link.txt --verbose=1
/usr/bin/cc   -DCHECK_FUNCTION_EXISTS=pthread_create    CMakeFiles/cmTryCompileExec4254051779.dir/CheckFunctionExists.c.o  -o cmTryCompileExec4254051779 -rdynamic -lpthreads 
/usr/bin/ld: cannot find -lpthreads
collect2: error: ld returned 1 exit status
make[1]: *** [cmTryCompileExec4254051779] Error 1
make[1]: Leaving directory `/home/cc/ee106a/fa15/class/ee106a-cn/ros_workspaces/project/build/CMakeFiles/CMakeTmp'
make: *** [cmTryCompileExec4254051779/fast] Error 2


